[debug] [2025-08-24T06:13:53.736Z] ----------------------------------------------------------------------
[debug] [2025-08-24T06:13:53.746Z] Command:       C:\Program Files\nodejs\node.exe C:\Users\Dell\AppData\Roaming\npm\node_modules\firebase-tools\lib\bin\firebase.js init
[debug] [2025-08-24T06:13:53.747Z] CLI Version:   14.14.0
[debug] [2025-08-24T06:13:53.747Z] Platform:      win32
[debug] [2025-08-24T06:13:53.748Z] Node Version:  v22.14.0
[debug] [2025-08-24T06:13:53.749Z] Time:          Sun Aug 24 2025 11:43:53 GMT+0530 (India Standard Time)
[debug] [2025-08-24T06:13:53.749Z] ----------------------------------------------------------------------
[debug] 
[debug] [2025-08-24T06:13:53.768Z] > command requires scopes: ["email","openid","https://www.googleapis.com/auth/cloudplatformprojects.readonly","https://www.googleapis.com/auth/firebase","https://www.googleapis.com/auth/cloud-platform"]
[debug] [2025-08-24T06:13:53.770Z] > authorizing via signed-in user (rajneetkaurannu10@gmail.com)
[info] 
     ######## #### ########  ######## ########     ###     ######  ########
     ##        ##  ##     ## ##       ##     ##  ##   ##  ##       ##
     ######    ##  ########  ######   ########  #########  ######  ######
     ##        ##  ##    ##  ##       ##     ## ##     ##       ## ##
     ##       #### ##     ## ######## ########  ##     ##  ######  ########

You're about to initialize a Firebase project in this directory:

  E:\reactapp\mata5-app\mata5-app

[info] 
=== Project Setup
[info] 
[info] First, let's associate this project directory with a Firebase project.
[info] You can create multiple project aliases by running firebase use --add, 
[info] but for now we'll just set up a default project.
[info] 
[debug] [2025-08-24T06:15:17.360Z] Checked if tokens are valid: true, expires at: 1756019597203
[debug] [2025-08-24T06:15:17.360Z] Checked if tokens are valid: true, expires at: 1756019597203
[debug] [2025-08-24T06:15:17.366Z] >>> [apiv2][query] GET https://firebase.googleapis.com/v1beta1/projects pageSize=100
[debug] [2025-08-24T06:15:18.246Z] <<< [apiv2][status] GET https://firebase.googleapis.com/v1beta1/projects 200
[debug] [2025-08-24T06:15:18.247Z] <<< [apiv2][body] GET https://firebase.googleapis.com/v1beta1/projects [omitted]
[info] i  Using project rajjidrinkscorner (RajjiDrinksCorner) 
[info] 
=== Dataconnect Setup
[debug] [2025-08-24T06:15:34.552Z] Checked if tokens are valid: true, expires at: 1756019597203
[debug] [2025-08-24T06:15:34.553Z] Checked if tokens are valid: true, expires at: 1756019597203
[debug] [2025-08-24T06:15:34.553Z] >>> [apiv2][query] GET https://cloudbilling.googleapis.com/v1/projects/rajjidrinkscorner/billingInfo [none]
[debug] [2025-08-24T06:15:36.503Z] <<< [apiv2][status] GET https://cloudbilling.googleapis.com/v1/projects/rajjidrinkscorner/billingInfo 200
[debug] [2025-08-24T06:15:36.504Z] <<< [apiv2][body] GET https://cloudbilling.googleapis.com/v1/projects/rajjidrinkscorner/billingInfo {"name":"projects/rajjidrinkscorner/billingInfo","projectId":"rajjidrinkscorner","billingAccountName":"","billingEnabled":false}
[info] i  dataconnect: ensuring required API firebasedataconnect.googleapis.com is enabled... 
[debug] [2025-08-24T06:15:36.508Z] Checked if tokens are valid: true, expires at: 1756019597203
[debug] [2025-08-24T06:15:36.508Z] Checked if tokens are valid: true, expires at: 1756019597203
[info] i  dataconnect: ensuring required API sqladmin.googleapis.com is enabled... 
[debug] [2025-08-24T06:15:36.512Z] Checked if tokens are valid: true, expires at: 1756019597203
[debug] [2025-08-24T06:15:36.512Z] Checked if tokens are valid: true, expires at: 1756019597203
[debug] [2025-08-24T06:15:36.513Z] >>> [apiv2][query] GET https://serviceusage.googleapis.com/v1/projects/rajjidrinkscorner/services/firebasedataconnect.googleapis.com [none]
[debug] [2025-08-24T06:15:36.513Z] >>> [apiv2][(partial)header] GET https://serviceusage.googleapis.com/v1/projects/rajjidrinkscorner/services/firebasedataconnect.googleapis.com x-goog-quota-user=projects/rajjidrinkscorner
[debug] [2025-08-24T06:15:36.517Z] >>> [apiv2][query] GET https://serviceusage.googleapis.com/v1/projects/rajjidrinkscorner/services/sqladmin.googleapis.com [none]
[debug] [2025-08-24T06:15:36.518Z] >>> [apiv2][(partial)header] GET https://serviceusage.googleapis.com/v1/projects/rajjidrinkscorner/services/sqladmin.googleapis.com x-goog-quota-user=projects/rajjidrinkscorner
[debug] [2025-08-24T06:15:38.537Z] <<< [apiv2][status] GET https://serviceusage.googleapis.com/v1/projects/rajjidrinkscorner/services/sqladmin.googleapis.com 200
[debug] [2025-08-24T06:15:38.538Z] <<< [apiv2][body] GET https://serviceusage.googleapis.com/v1/projects/rajjidrinkscorner/services/sqladmin.googleapis.com [omitted]
[warn] !  dataconnect: missing required API sqladmin.googleapis.com. Enabling now... 
[debug] [2025-08-24T06:15:38.540Z] Checked if tokens are valid: true, expires at: 1756019597203
[debug] [2025-08-24T06:15:38.541Z] Checked if tokens are valid: true, expires at: 1756019597203
[debug] [2025-08-24T06:15:38.542Z] >>> [apiv2][query] POST https://serviceusage.googleapis.com/v1/projects/rajjidrinkscorner/services/sqladmin.googleapis.com:enable [none]
[debug] [2025-08-24T06:15:38.542Z] >>> [apiv2][(partial)header] POST https://serviceusage.googleapis.com/v1/projects/rajjidrinkscorner/services/sqladmin.googleapis.com:enable x-goog-quota-user=projects/rajjidrinkscorner
[debug] [2025-08-24T06:15:38.547Z] <<< [apiv2][status] GET https://serviceusage.googleapis.com/v1/projects/rajjidrinkscorner/services/firebasedataconnect.googleapis.com 200
[debug] [2025-08-24T06:15:38.548Z] <<< [apiv2][body] GET https://serviceusage.googleapis.com/v1/projects/rajjidrinkscorner/services/firebasedataconnect.googleapis.com [omitted]
[warn] !  dataconnect: missing required API firebasedataconnect.googleapis.com. Enabling now... 
[debug] [2025-08-24T06:15:38.549Z] Checked if tokens are valid: true, expires at: 1756019597203
[debug] [2025-08-24T06:15:38.549Z] Checked if tokens are valid: true, expires at: 1756019597203
[debug] [2025-08-24T06:15:38.550Z] >>> [apiv2][query] POST https://serviceusage.googleapis.com/v1/projects/rajjidrinkscorner/services/firebasedataconnect.googleapis.com:enable [none]
[debug] [2025-08-24T06:15:38.550Z] >>> [apiv2][(partial)header] POST https://serviceusage.googleapis.com/v1/projects/rajjidrinkscorner/services/firebasedataconnect.googleapis.com:enable x-goog-quota-user=projects/rajjidrinkscorner
[debug] [2025-08-24T06:15:39.083Z] <<< [apiv2][status] POST https://serviceusage.googleapis.com/v1/projects/rajjidrinkscorner/services/firebasedataconnect.googleapis.com:enable 200
[debug] [2025-08-24T06:15:39.083Z] <<< [apiv2][body] POST https://serviceusage.googleapis.com/v1/projects/rajjidrinkscorner/services/firebasedataconnect.googleapis.com:enable [omitted]
[debug] [2025-08-24T06:15:39.384Z] <<< [apiv2][status] POST https://serviceusage.googleapis.com/v1/projects/rajjidrinkscorner/services/sqladmin.googleapis.com:enable 200
[debug] [2025-08-24T06:15:39.384Z] <<< [apiv2][body] POST https://serviceusage.googleapis.com/v1/projects/rajjidrinkscorner/services/sqladmin.googleapis.com:enable [omitted]
[debug] [2025-08-24T06:15:49.415Z] Checked if tokens are valid: true, expires at: 1756019597203
[debug] [2025-08-24T06:15:49.415Z] Checked if tokens are valid: true, expires at: 1756019597203
[debug] [2025-08-24T06:15:49.416Z] >>> [apiv2][query] GET https://firebasedataconnect.googleapis.com/v1/projects/rajjidrinkscorner/locations/-/services [none]
[debug] [2025-08-24T06:15:51.918Z] <<< [apiv2][status] GET https://firebasedataconnect.googleapis.com/v1/projects/rajjidrinkscorner/locations/-/services 200
[debug] [2025-08-24T06:15:51.919Z] <<< [apiv2][body] GET https://firebasedataconnect.googleapis.com/v1/projects/rajjidrinkscorner/locations/-/services {}
[info] i  dataconnect: ensuring required API cloudaicompanion.googleapis.com is enabled... 
[debug] [2025-08-24T06:16:38.442Z] Checked if tokens are valid: true, expires at: 1756019597203
[debug] [2025-08-24T06:16:38.442Z] Checked if tokens are valid: true, expires at: 1756019597203
[debug] [2025-08-24T06:16:38.443Z] >>> [apiv2][query] GET https://serviceusage.googleapis.com/v1/projects/rajjidrinkscorner/services/cloudaicompanion.googleapis.com [none]
[debug] [2025-08-24T06:16:38.443Z] >>> [apiv2][(partial)header] GET https://serviceusage.googleapis.com/v1/projects/rajjidrinkscorner/services/cloudaicompanion.googleapis.com x-goog-quota-user=projects/rajjidrinkscorner
[debug] [2025-08-24T06:16:40.516Z] <<< [apiv2][status] GET https://serviceusage.googleapis.com/v1/projects/rajjidrinkscorner/services/cloudaicompanion.googleapis.com 200
[debug] [2025-08-24T06:16:40.517Z] <<< [apiv2][body] GET https://serviceusage.googleapis.com/v1/projects/rajjidrinkscorner/services/cloudaicompanion.googleapis.com [omitted]
[info] +  dataconnect: required API cloudaicompanion.googleapis.com is enabled 
[debug] [2025-08-24T06:16:40.537Z] Checked if tokens are valid: true, expires at: 1756019597203
[debug] [2025-08-24T06:16:40.538Z] Checked if tokens are valid: true, expires at: 1756019597203
[debug] [2025-08-24T06:16:40.539Z] >>> [apiv2][query] POST https://firebasedataconnect.googleapis.com/v1/projects/rajjidrinkscorner/locations/us-central1/services service_id=mata5-app
[debug] [2025-08-24T06:16:40.539Z] >>> [apiv2][body] POST https://firebasedataconnect.googleapis.com/v1/projects/rajjidrinkscorner/locations/us-central1/services {"name":"projects/rajjidrinkscorner/locations/us-central1/services/mata5-app"}
[debug] [2025-08-24T06:16:45.256Z] <<< [apiv2][status] POST https://firebasedataconnect.googleapis.com/v1/projects/rajjidrinkscorner/locations/us-central1/services 200
[debug] [2025-08-24T06:16:45.257Z] <<< [apiv2][body] POST https://firebasedataconnect.googleapis.com/v1/projects/rajjidrinkscorner/locations/us-central1/services {"name":"projects/rajjidrinkscorner/locations/us-central1/operations/operation-1756016202142-63d1661f2d2eb-b577c0e8-5016a6fa","metadata":{"@type":"type.googleapis.com/google.firebase.dataconnect.v1.OperationMetadata","createTime":"2025-08-24T06:16:44.756044015Z","target":"projects/rajjidrinkscorner/locations/us-central1/services/mata5-app","verb":"create","requestedCancellation":false,"apiVersion":"v1"},"done":false}
[debug] [2025-08-24T06:16:45.260Z] Checked if tokens are valid: true, expires at: 1756019597203
[debug] [2025-08-24T06:16:45.260Z] Checked if tokens are valid: true, expires at: 1756019597203
[debug] [2025-08-24T06:16:45.261Z] >>> [apiv2][query] GET https://firebasedataconnect.googleapis.com/v1/projects/rajjidrinkscorner/locations/us-central1/operations/operation-1756016202142-63d1661f2d2eb-b577c0e8-5016a6fa [none]
[debug] [2025-08-24T06:16:45.830Z] <<< [apiv2][status] GET https://firebasedataconnect.googleapis.com/v1/projects/rajjidrinkscorner/locations/us-central1/operations/operation-1756016202142-63d1661f2d2eb-b577c0e8-5016a6fa 200
[debug] [2025-08-24T06:16:45.831Z] <<< [apiv2][body] GET https://firebasedataconnect.googleapis.com/v1/projects/rajjidrinkscorner/locations/us-central1/operations/operation-1756016202142-63d1661f2d2eb-b577c0e8-5016a6fa {"name":"projects/rajjidrinkscorner/locations/us-central1/operations/operation-1756016202142-63d1661f2d2eb-b577c0e8-5016a6fa","metadata":{"@type":"type.googleapis.com/google.firebase.dataconnect.v1.OperationMetadata","createTime":"2025-08-24T06:16:44.756044015Z","target":"projects/rajjidrinkscorner/locations/us-central1/services/mata5-app","verb":"create","requestedCancellation":false,"apiVersion":"v1"},"done":false}
[debug] [2025-08-24T06:16:46.345Z] [LRO Poller] Retrying task index 0
[debug] [2025-08-24T06:16:46.345Z] Checked if tokens are valid: true, expires at: 1756019597203
[debug] [2025-08-24T06:16:46.346Z] Checked if tokens are valid: true, expires at: 1756019597203
[debug] [2025-08-24T06:16:46.346Z] >>> [apiv2][query] GET https://firebasedataconnect.googleapis.com/v1/projects/rajjidrinkscorner/locations/us-central1/operations/operation-1756016202142-63d1661f2d2eb-b577c0e8-5016a6fa [none]
[debug] [2025-08-24T06:16:46.674Z] <<< [apiv2][status] GET https://firebasedataconnect.googleapis.com/v1/projects/rajjidrinkscorner/locations/us-central1/operations/operation-1756016202142-63d1661f2d2eb-b577c0e8-5016a6fa 200
[debug] [2025-08-24T06:16:46.674Z] <<< [apiv2][body] GET https://firebasedataconnect.googleapis.com/v1/projects/rajjidrinkscorner/locations/us-central1/operations/operation-1756016202142-63d1661f2d2eb-b577c0e8-5016a6fa {"name":"projects/rajjidrinkscorner/locations/us-central1/operations/operation-1756016202142-63d1661f2d2eb-b577c0e8-5016a6fa","metadata":{"@type":"type.googleapis.com/google.firebase.dataconnect.v1.OperationMetadata","createTime":"2025-08-24T06:16:44.756044015Z","endTime":"2025-08-24T06:16:45.906604631Z","target":"projects/rajjidrinkscorner/locations/us-central1/services/mata5-app","verb":"create","requestedCancellation":false,"apiVersion":"v1"},"done":true,"response":{"@type":"type.googleapis.com/google.firebase.dataconnect.v1.Service","name":"projects/rajjidrinkscorner/locations/us-central1/services/mata5-app","createTime":"2025-08-24T06:16:44.750856068Z","updateTime":"2025-08-24T06:16:44.750856068Z","uid":"65376039-32d7-4b5b-a67a-16ecbba6eb53","reconciling":false,"etag":"qvdDd-LZC3H-bgfPn6cQl6vmylToXv9lw_fkOr_FbdY"}}
[debug] [2025-08-24T06:16:46.689Z] Checked if tokens are valid: true, expires at: 1756019597203
[debug] [2025-08-24T06:16:46.690Z] Checked if tokens are valid: true, expires at: 1756019597203
[debug] [2025-08-24T06:16:46.690Z] >>> [apiv2][query] POST https://cloudaicompanion.googleapis.com/v1beta/projects/rajjidrinkscorner/locations/global/instances/default:completeTask [none]
[debug] [2025-08-24T06:16:46.691Z] >>> [apiv2][body] POST https://cloudaicompanion.googleapis.com/v1beta/projects/rajjidrinkscorner/locations/global/instances/default:completeTask {"input":{"messages":[{"content":"this is the restuarant related project","author":"USER"}]},"experienceContext":{"experience":"/appeco/firebase/fdc-schema-generator"}}
[debug] [2025-08-24T06:16:55.978Z] <<< [apiv2][status] POST https://cloudaicompanion.googleapis.com/v1beta/projects/rajjidrinkscorner/locations/global/instances/default:completeTask 200
[debug] [2025-08-24T06:16:55.978Z] <<< [apiv2][body] POST https://cloudaicompanion.googleapis.com/v1beta/projects/rajjidrinkscorner/locations/global/instances/default:completeTask {"output":{"messages":[{"content":"```graphql\ntype User @table {\n  displayName: String!\n  createdAt: Timestamp!\n  email: String\n  photoUrl: String\n}\n\ntype Movie @table {\n  title: String!\n  year: Int!\n  createdAt: Timestamp!\n  summary: String\n  genres: [String]\n  runtimeMinutes: Int\n}\n\ntype Watch @table {\n  user: User!\n  movie: Movie!\n  watchDate: Date!\n  createdAt: Timestamp!\n  location: String\n}\n\ntype Review @table {\n  user: User!\n  movie: Movie!\n  watch: Watch!\n  rating: Int!\n  createdAt: Timestamp!\n  updatedAt: Timestamp!\n  reviewText: String\n  isPublic: Boolean\n}\n\ntype MovieList @table {\n  user: User!\n  name: String!\n  isPublic: Boolean\n  createdAt: Timestamp!\n  updatedAt: Timestamp!\n  description: String\n}\n\ntype MovieListEntry @table(key: [\"movieList\", \"movie\"]) {\n  movieList: MovieList!\n  movie: Movie!\n  position: Int!\n  note: String\n}\n```\n"}]},"displayContext":{"additionalContext":{"@type":"type.googleapis.com/google.cloud.cloudaicompanion.v1main.FirebaseChatDisplayContext","firebaseFdcDisplayContext":{"schemaSyntaxError":""}}}}
[debug] [2025-08-24T06:16:55.985Z] Checked if tokens are valid: true, expires at: 1756019597203
[debug] [2025-08-24T06:16:55.985Z] Checked if tokens are valid: true, expires at: 1756019597203
[debug] [2025-08-24T06:16:55.986Z] >>> [apiv2][query] PATCH https://firebasedataconnect.googleapis.com/v1/projects/rajjidrinkscorner/locations/us-central1/services/mata5-app/schemas/main allowMissing=true&validateOnly=false
[debug] [2025-08-24T06:16:55.986Z] >>> [apiv2][body] PATCH https://firebasedataconnect.googleapis.com/v1/projects/rajjidrinkscorner/locations/us-central1/services/mata5-app/schemas/main {"name":"projects/rajjidrinkscorner/locations/us-central1/services/mata5-app/schemas/main","datasources":[{"postgresql":{}}],"source":{"files":[{"path":"schema.gql","content":"type User @table {\n  displayName: String!\n  createdAt: Timestamp!\n  email: String\n  photoUrl: String\n}\n\ntype Movie @table {\n  title: String!\n  year: Int!\n  createdAt: Timestamp!\n  summary: String\n  genres: [String]\n  runtimeMinutes: Int\n}\n\ntype Watch @table {\n  user: User!\n  movie: Movie!\n  watchDate: Date!\n  createdAt: Timestamp!\n  location: String\n}\n\ntype Review @table {\n  user: User!\n  movie: Movie!\n  watch: Watch!\n  rating: Int!\n  createdAt: Timestamp!\n  updatedAt: Timestamp!\n  reviewText: String\n  isPublic: Boolean\n}\n\ntype MovieList @table {\n  user: User!\n  name: String!\n  isPublic: Boolean\n  createdAt: Timestamp!\n  updatedAt: Timestamp!\n  description: String\n}\n\ntype MovieListEntry @table(key: [\"movieList\", \"movie\"]) {\n  movieList: MovieList!\n  movie: Movie!\n  position: Int!\n  note: String\n}"}]}}
[debug] [2025-08-24T06:16:58.096Z] <<< [apiv2][status] PATCH https://firebasedataconnect.googleapis.com/v1/projects/rajjidrinkscorner/locations/us-central1/services/mata5-app/schemas/main 200
[debug] [2025-08-24T06:16:58.096Z] <<< [apiv2][body] PATCH https://firebasedataconnect.googleapis.com/v1/projects/rajjidrinkscorner/locations/us-central1/services/mata5-app/schemas/main {"name":"projects/rajjidrinkscorner/locations/us-central1/operations/operation-1756016217625-63d1662df11af-04e83b5f-c040fbbc","metadata":{"@type":"type.googleapis.com/google.firebase.dataconnect.v1.OperationMetadata","createTime":"2025-08-24T06:16:57.701521873Z","target":"projects/rajjidrinkscorner/locations/us-central1/services/mata5-app/schemas/main","verb":"update","requestedCancellation":false,"apiVersion":"v1"},"done":false}
[debug] [2025-08-24T06:16:58.097Z] Checked if tokens are valid: true, expires at: 1756019597203
[debug] [2025-08-24T06:16:58.097Z] Checked if tokens are valid: true, expires at: 1756019597203
[debug] [2025-08-24T06:16:58.098Z] >>> [apiv2][query] GET https://firebasedataconnect.googleapis.com/v1/projects/rajjidrinkscorner/locations/us-central1/operations/operation-1756016217625-63d1662df11af-04e83b5f-c040fbbc [none]
[debug] [2025-08-24T06:16:58.439Z] <<< [apiv2][status] GET https://firebasedataconnect.googleapis.com/v1/projects/rajjidrinkscorner/locations/us-central1/operations/operation-1756016217625-63d1662df11af-04e83b5f-c040fbbc 200
[debug] [2025-08-24T06:16:58.439Z] <<< [apiv2][body] GET https://firebasedataconnect.googleapis.com/v1/projects/rajjidrinkscorner/locations/us-central1/operations/operation-1756016217625-63d1662df11af-04e83b5f-c040fbbc {"name":"projects/rajjidrinkscorner/locations/us-central1/operations/operation-1756016217625-63d1662df11af-04e83b5f-c040fbbc","metadata":{"@type":"type.googleapis.com/google.firebase.dataconnect.v1.OperationMetadata","createTime":"2025-08-24T06:16:57.701521873Z","endTime":"2025-08-24T06:16:57.953635393Z","target":"projects/rajjidrinkscorner/locations/us-central1/services/mata5-app/schemas/main","verb":"update","requestedCancellation":false,"apiVersion":"v1"},"done":true,"response":{"@type":"type.googleapis.com/google.firebase.dataconnect.v1.Schema","name":"projects/rajjidrinkscorner/locations/us-central1/services/mata5-app/schemas/main","createTime":"2025-08-24T06:16:57.695462059Z","updateTime":"2025-08-24T06:16:57.695462059Z","uid":"3a2676aa-4804-4670-b380-bc137c450a6c","reconciling":false,"etag":"BQLkhWurZVBDH6inBhEq1D493TOZJ4GW1QF_cBj1AIM"}}
[debug] [2025-08-24T06:16:58.444Z] Checked if tokens are valid: true, expires at: 1756019597203
[debug] [2025-08-24T06:16:58.444Z] Checked if tokens are valid: true, expires at: 1756019597203
[debug] [2025-08-24T06:16:58.445Z] Checked if tokens are valid: true, expires at: 1756019597203
[debug] [2025-08-24T06:16:58.445Z] Checked if tokens are valid: true, expires at: 1756019597203
[debug] [2025-08-24T06:16:58.445Z] >>> [apiv2][query] POST https://cloudaicompanion.googleapis.com/v1beta/projects/rajjidrinkscorner/locations/global/instances/default:completeTask [none]
[debug] [2025-08-24T06:16:58.446Z] >>> [apiv2][body] POST https://cloudaicompanion.googleapis.com/v1beta/projects/rajjidrinkscorner/locations/global/instances/default:completeTask {"input":{"messages":[{"content":"Create 4 operations for an app using the instance schema with proper authentication.","author":"USER"}]},"experienceContext":{"experience":"/appeco/firebase/fdc-query-generator"},"clientContext":{"additionalContext":{"@type":"type.googleapis.com/google.cloud.cloudaicompanion.v1main.FirebaseChatRequestContext","fdcInfo":{"fdcServiceName":"projects/rajjidrinkscorner/locations/us-central1/services/mata5-app","requiresQuery":true}}}}
[debug] [2025-08-24T06:16:58.448Z] >>> [apiv2][query] POST https://cloudaicompanion.googleapis.com/v1beta/projects/rajjidrinkscorner/locations/global/instances/default:completeTask [none]
[debug] [2025-08-24T06:16:58.448Z] >>> [apiv2][body] POST https://cloudaicompanion.googleapis.com/v1beta/projects/rajjidrinkscorner/locations/global/instances/default:completeTask {"input":{"messages":[{"content":"Create a mutation to populate the database with some seed data.","author":"USER"}]},"experienceContext":{"experience":"/appeco/firebase/fdc-query-generator"},"clientContext":{"additionalContext":{"@type":"type.googleapis.com/google.cloud.cloudaicompanion.v1main.FirebaseChatRequestContext","fdcInfo":{"fdcServiceName":"projects/rajjidrinkscorner/locations/us-central1/services/mata5-app","requiresQuery":true}}}}
[debug] [2025-08-24T06:17:02.493Z] <<< [apiv2][status] POST https://cloudaicompanion.googleapis.com/v1beta/projects/rajjidrinkscorner/locations/global/instances/default:completeTask 200
[debug] [2025-08-24T06:17:02.493Z] <<< [apiv2][body] POST https://cloudaicompanion.googleapis.com/v1beta/projects/rajjidrinkscorner/locations/global/instances/default:completeTask {"output":{"messages":[{"content":"```graphql\nmutation CreateUser @auth(level: USER) {\n  user_insert(data: {\n    displayName: \"New User\",\n    email: \"newuser@example.com\"\n  })\n}\n\nquery ListPublicMovieLists @auth(level: PUBLIC) {\n  movieLists(where: {isPublic: {eq: true}}) {\n    id\n    name\n    description\n  }\n}\n\nmutation AddMovieToMovieList($movieListId: UUID!, $movieId: UUID!, $position: Int!) @auth(level: USER) {\n  movieListEntry_insert(data: {\n    movieListId: $movieListId,\n    movieId: $movieId,\n    position: $position\n  })\n}\n\nquery GetMyReviews @auth(level: USER) {\n  reviews(where: {userId: {eq_expr: \"auth.uid\"}}) {\n    id\n    rating\n    reviewText\n    movie {\n      id\n      title\n    }\n  }\n}\n```","author":"model"}]},"outputDataContext":{"additionalContext":{"@type":"type.googleapis.com/google.cloud.cloudaicompanion.v1main.ChatOutputDataContext","relatedContent":{}}},"attributionContext":{"citationMetadata":{}}}
[debug] [2025-08-24T06:17:03.755Z] <<< [apiv2][status] POST https://cloudaicompanion.googleapis.com/v1beta/projects/rajjidrinkscorner/locations/global/instances/default:completeTask 200
[debug] [2025-08-24T06:17:03.756Z] <<< [apiv2][body] POST https://cloudaicompanion.googleapis.com/v1beta/projects/rajjidrinkscorner/locations/global/instances/default:completeTask {"output":{"messages":[{"content":"```graphql\nmutation SeedDatabase @auth(level: USER) {\n  movie_insertMany(data: [\n    {\n      title: \"Inception\",\n      year: 2010,\n      runtimeMinutes: 148,\n      genres: [\"Action\", \"Sci-Fi\", \"Thriller\"],\n      summary: \"A thief who steals corporate secrets through the use of dream-sharing technology is given the inverse task of planting an idea into the mind of a CEO.\",\n      createdAt_expr: \"request.time\"\n    },\n    {\n      title: \"The Matrix\",\n      year: 1999,\n      runtimeMinutes: 136,\n      genres: [\"Action\", \"Sci-Fi\"],\n      summary: \"A computer hacker learns from mysterious rebels about the true nature of his reality and his role in the war against its controllers.\",\n      createdAt_expr: \"request.time\"\n    },\n    {\n      title: \"Interstellar\",\n      year: 2014,\n      runtimeMinutes: 169,\n      genres: [\"Adventure\", \"Drama\", \"Sci-Fi\"],\n      summary: \"A team of explorers travel through a wormhole in space in an attempt to ensure humanity's survival.\",\n      createdAt_expr: \"request.time\"\n    }\n  ])\n}\n```\n","author":"model"}]},"outputDataContext":{"additionalContext":{"@type":"type.googleapis.com/google.cloud.cloudaicompanion.v1main.ChatOutputDataContext","relatedContent":{}}},"attributionContext":{"citationMetadata":{}}}
[info] +  Wrote dataconnect\dataconnect.yaml 
[info] +  Wrote dataconnect\seed_data.gql 
[info] +  Wrote dataconnect\schema\schema.gql 
[info] +  Wrote dataconnect\example\connector.yaml 
[info] +  Wrote dataconnect\example\queries.gql 
[info] +  Detected WEB app in directory E:\reactapp\mata5-app\mata5-app 
[info] i  Detected react app. Enabling react generated SDKs. 
[info] i  Writing your new SDK configuration to E:\reactapp\mata5-app\mata5-app\dataconnect\example/connector.yaml 
[info] +  Wrote dataconnect\example\connector.yaml 
[info] i  dataconnect: downloading dataconnect-emulator-2.11.2.exe... {"metadata":{"emulator":{"name":"dataconnect"},"message":"downloading dataconnect-emulator-2.11.2.exe..."}}
[debug] [2025-08-24T06:17:14.995Z] >>> [apiv2][query] GET https://storage.googleapis.com/firemat-preview-drop/emulator/dataconnect-emulator-windows-v2.11.2 
[debug] [2025-08-24T06:17:15.537Z] <<< [apiv2][status] GET https://storage.googleapis.com/firemat-preview-drop/emulator/dataconnect-emulator-windows-v2.11.2 200
[debug] [2025-08-24T06:17:15.537Z] <<< [apiv2][body] GET https://storage.googleapis.com/firemat-preview-drop/emulator/dataconnect-emulator-windows-v2.11.2 [stream]
[debug] [2025-08-24T06:17:25.120Z] defaultcredentials: writing to file C:\Users\Dell\AppData\Roaming\firebase\rajneetkaurannu10_gmail_com_application_default_credentials.json
[info] I0824 11:47:26.009872   26620 codegen.go:82] [connector "example" javascriptSdk] Generating sources into "E:\\reactapp\\mata5-app\\mata5-app\\dataconnect-generated\\js\\example-connector"
I0824 11:47:26.042938   26620 generate.go:40] Generated all sources. Writing them to disk...
I0824 11:47:26.191869   26620 collector.go:107] connector "example" javascriptSdk wrote into "E:\\reactapp\\mata5-app\\mata5-app\\dataconnect-generated\\js\\example-connector"
Generated sources: index.d.ts [3852B] index.cjs.js [1984B] package.json [1102B] react\esm\index.esm.js [1588B] esm\index.esm.js [1693B] react\esm\package.json [17B] react\README.md [27160B] react\package.json [460B] react\index.cjs.js [1685B] angular\index.d.ts [1856B] angular\package.json [653B] angular\esm\package.json [17B] angular\esm\index.esm.js [1479B] esm\package.json [17B] README.md [20025B] react\index.d.ts [1992B] angular\index.cjs.js [1598B] angular\README.md [27776B] 
I0824 11:47:26.448908   26620 installsdk.go:86] Running command: C:\Program Files\nodejs\npm.cmd install file:dataconnect-generated\js\example-connector

[info] i  Generated SDK code for example 
[info] i  Visit https://firebase.google.com/docs/data-connect/web-sdk#react for more information on how to set up React Generated SDKs for Firebase Data Connect 
[info] i  Run `npm i --save @angular/fire @tanstack-query-firebase/angular @tanstack/angular-query-experimental` to install angular sdk dependencies.
Visit https://github.com/invertase/tanstack-query-firebase/tree/main/packages/angular for more information on how to set up Angular Generated SDKs for Firebase Data Connect 
[info] +  If you'd like to add more generated SDKs to your app your later, run firebase init dataconnect:sdk again 
[info] 
To get started with Firebase Data Connect:
[info] i  You can visualize the Data Connect Schema in Firebase Console:

    https://console.firebase.google.com/project/rajjidrinkscorner/dataconnect/locations/us-central1/services/mata5-app/schema
 
[info] i  To provision a CloudSQL Postgres instance on the Firebase Data Connect no-cost trial:

  1. Please upgrade to the pay-as-you-go (Blaze) billing plan. Visit the following page:

      https://console.firebase.google.com/project/rajjidrinkscorner/usage/details

  2. Run firebase deploy --only dataconnect to deploy your Data Connect service.
 
[info] 
=== Firestore Setup
[info] i  firestore: ensuring required API firestore.googleapis.com is enabled... 
[debug] [2025-08-24T06:21:04.766Z] Checked if tokens are valid: true, expires at: 1756019597203
[debug] [2025-08-24T06:21:04.769Z] Checked if tokens are valid: true, expires at: 1756019597203
[debug] [2025-08-24T06:21:04.774Z] >>> [apiv2][query] GET https://serviceusage.googleapis.com/v1/projects/rajjidrinkscorner/services/firestore.googleapis.com [none]
[debug] [2025-08-24T06:21:04.775Z] >>> [apiv2][(partial)header] GET https://serviceusage.googleapis.com/v1/projects/rajjidrinkscorner/services/firestore.googleapis.com x-goog-quota-user=projects/rajjidrinkscorner
[debug] [2025-08-24T06:21:06.794Z] <<< [apiv2][status] GET https://serviceusage.googleapis.com/v1/projects/rajjidrinkscorner/services/firestore.googleapis.com 200
[debug] [2025-08-24T06:21:06.795Z] <<< [apiv2][body] GET https://serviceusage.googleapis.com/v1/projects/rajjidrinkscorner/services/firestore.googleapis.com [omitted]
[warn] !  firestore: missing required API firestore.googleapis.com. Enabling now... 
[debug] [2025-08-24T06:21:06.797Z] Checked if tokens are valid: true, expires at: 1756019597203
[debug] [2025-08-24T06:21:06.797Z] Checked if tokens are valid: true, expires at: 1756019597203
[debug] [2025-08-24T06:21:06.798Z] >>> [apiv2][query] POST https://serviceusage.googleapis.com/v1/projects/rajjidrinkscorner/services/firestore.googleapis.com:enable [none]
[debug] [2025-08-24T06:21:06.799Z] >>> [apiv2][(partial)header] POST https://serviceusage.googleapis.com/v1/projects/rajjidrinkscorner/services/firestore.googleapis.com:enable x-goog-quota-user=projects/rajjidrinkscorner
[debug] [2025-08-24T06:21:07.451Z] <<< [apiv2][status] POST https://serviceusage.googleapis.com/v1/projects/rajjidrinkscorner/services/firestore.googleapis.com:enable 200
[debug] [2025-08-24T06:21:07.451Z] <<< [apiv2][body] POST https://serviceusage.googleapis.com/v1/projects/rajjidrinkscorner/services/firestore.googleapis.com:enable [omitted]
[debug] [2025-08-24T06:21:17.508Z] Checked if tokens are valid: true, expires at: 1756019597203
[debug] [2025-08-24T06:21:17.508Z] Checked if tokens are valid: true, expires at: 1756019597203
[debug] [2025-08-24T06:21:17.509Z] >>> [apiv2][query] GET https://firestore.googleapis.com/v1/projects/rajjidrinkscorner/databases [none]
[debug] [2025-08-24T06:21:18.445Z] <<< [apiv2][status] GET https://firestore.googleapis.com/v1/projects/rajjidrinkscorner/databases 200
[debug] [2025-08-24T06:21:18.447Z] <<< [apiv2][body] GET https://firestore.googleapis.com/v1/projects/rajjidrinkscorner/databases {}
[debug] [2025-08-24T06:21:18.448Z] Checked if tokens are valid: true, expires at: 1756019597203
[debug] [2025-08-24T06:21:18.449Z] Checked if tokens are valid: true, expires at: 1756019597203
[debug] [2025-08-24T06:21:18.449Z] >>> [apiv2][query] GET https://firestore.googleapis.com/v1/projects/rajjidrinkscorner/locations [none]
[debug] [2025-08-24T06:21:18.700Z] <<< [apiv2][status] GET https://firestore.googleapis.com/v1/projects/rajjidrinkscorner/locations 200
[debug] [2025-08-24T06:21:18.702Z] <<< [apiv2][body] GET https://firestore.googleapis.com/v1/projects/rajjidrinkscorner/locations {"locations":[{"name":"projects/rajjidrinkscorner/locations/eur3","labels":{"appengine.googleapis.com/geo":"europe-west","cloud.googleapis.com/location":"eur3","cloud.googleapis.com/geo":"eur3"},"metadata":{"@type":"type.googleapis.com/google.firestore.admin.v1.LocationMetadata"},"locationId":"eur3","displayName":"Europe"},{"name":"projects/rajjidrinkscorner/locations/nam5","labels":{"appengine.googleapis.com/geo":"us-central","cloud.googleapis.com/location":"nam5","cloud.googleapis.com/geo":"nam5"},"metadata":{"@type":"type.googleapis.com/google.firestore.admin.v1.LocationMetadata"},"locationId":"nam5","displayName":"United States"},{"name":"projects/rajjidrinkscorner/locations/nam7","labels":{"cloud.googleapis.com/location":"nam7","cloud.googleapis.com/geo":"nam7"},"metadata":{"@type":"type.googleapis.com/google.firestore.admin.v1.LocationMetadata"},"locationId":"nam7","displayName":"United States"},{"name":"projects/rajjidrinkscorner/locations/africa-south1","labels":{"cloud.googleapis.com/location":"africa-south1","cloud.googleapis.com/region":"africa-south1"},"metadata":{"@type":"type.googleapis.com/google.firestore.admin.v1.LocationMetadata"},"locationId":"africa-south1","displayName":"Johannesburg"},{"name":"projects/rajjidrinkscorner/locations/asia-east1","labels":{"appengine.googleapis.com/region":"asia-east1","cloud.googleapis.com/location":"asia-east1","cloud.googleapis.com/region":"asia-east1"},"metadata":{"@type":"type.googleapis.com/google.firestore.admin.v1.LocationMetadata"},"locationId":"asia-east1","displayName":"Taiwan"},{"name":"projects/rajjidrinkscorner/locations/asia-east2","labels":{"appengine.googleapis.com/region":"asia-east2","cloud.googleapis.com/location":"asia-east2","cloud.googleapis.com/region":"asia-east2"},"metadata":{"@type":"type.googleapis.com/google.firestore.admin.v1.LocationMetadata"},"locationId":"asia-east2","displayName":"Hong Kong"},{"name":"projects/rajjidrinkscorner/locations/asia-northeast1","labels":{"appengine.googleapis.com/region":"asia-northeast1","cloud.googleapis.com/location":"asia-northeast1","cloud.googleapis.com/region":"asia-northeast1"},"metadata":{"@type":"type.googleapis.com/google.firestore.admin.v1.LocationMetadata"},"locationId":"asia-northeast1","displayName":"Tokyo"},{"name":"projects/rajjidrinkscorner/locations/asia-northeast2","labels":{"appengine.googleapis.com/region":"asia-northeast2","cloud.googleapis.com/location":"asia-northeast2","cloud.googleapis.com/region":"asia-northeast2"},"metadata":{"@type":"type.googleapis.com/google.firestore.admin.v1.LocationMetadata"},"locationId":"asia-northeast2","displayName":"Osaka"},{"name":"projects/rajjidrinkscorner/locations/asia-northeast3","labels":{"appengine.googleapis.com/region":"asia-northeast3","cloud.googleapis.com/location":"asia-northeast3","cloud.googleapis.com/region":"asia-northeast3"},"metadata":{"@type":"type.googleapis.com/google.firestore.admin.v1.LocationMetadata"},"locationId":"asia-northeast3","displayName":"Seoul"},{"name":"projects/rajjidrinkscorner/locations/asia-south1","labels":{"appengine.googleapis.com/region":"asia-south1","cloud.googleapis.com/location":"asia-south1","cloud.googleapis.com/region":"asia-south1"},"metadata":{"@type":"type.googleapis.com/google.firestore.admin.v1.LocationMetadata"},"locationId":"asia-south1","displayName":"Mumbai"},{"name":"projects/rajjidrinkscorner/locations/asia-south2","labels":{"cloud.googleapis.com/location":"asia-south2","cloud.googleapis.com/region":"asia-south2"},"metadata":{"@type":"type.googleapis.com/google.firestore.admin.v1.LocationMetadata"},"locationId":"asia-south2","displayName":"Delhi"},{"name":"projects/rajjidrinkscorner/locations/asia-southeast1","labels":{"appengine.googleapis.com/region":"asia-southeast1","cloud.googleapis.com/location":"asia-southeast1","cloud.googleapis.com/region":"asia-southeast1"},"metadata":{"@type":"type.googleapis.com/google.firestore.admin.v1.LocationMetadata"},"locationId":"asia-southeast1","displayName":"Singapore"},{"name":"projects/rajjidrinkscorner/locations/asia-southeast2","labels":{"appengine.googleapis.com/region":"asia-southeast2","cloud.googleapis.com/location":"asia-southeast2","cloud.googleapis.com/region":"asia-southeast2"},"metadata":{"@type":"type.googleapis.com/google.firestore.admin.v1.LocationMetadata"},"locationId":"asia-southeast2","displayName":"Jakarta"},{"name":"projects/rajjidrinkscorner/locations/australia-southeast1","labels":{"appengine.googleapis.com/region":"australia-southeast1","cloud.googleapis.com/location":"australia-southeast1","cloud.googleapis.com/region":"australia-southeast1"},"metadata":{"@type":"type.googleapis.com/google.firestore.admin.v1.LocationMetadata"},"locationId":"australia-southeast1","displayName":"Sydney"},{"name":"projects/rajjidrinkscorner/locations/australia-southeast2","labels":{"cloud.googleapis.com/location":"australia-southeast2","cloud.googleapis.com/region":"australia-southeast2"},"metadata":{"@type":"type.googleapis.com/google.firestore.admin.v1.LocationMetadata"},"locationId":"australia-southeast2","displayName":"Melbourne"},{"name":"projects/rajjidrinkscorner/locations/europe-central2","labels":{"appengine.googleapis.com/region":"europe-central2","cloud.googleapis.com/location":"europe-central2","cloud.googleapis.com/region":"europe-central2"},"metadata":{"@type":"type.googleapis.com/google.firestore.admin.v1.LocationMetadata"},"locationId":"europe-central2","displayName":"Warsaw"},{"name":"projects/rajjidrinkscorner/locations/europe-north1","labels":{"cloud.googleapis.com/location":"europe-north1","cloud.googleapis.com/region":"europe-north1"},"metadata":{"@type":"type.googleapis.com/google.firestore.admin.v1.LocationMetadata"},"locationId":"europe-north1","displayName":"Finland"},{"name":"projects/rajjidrinkscorner/locations/europe-north2","labels":{"cloud.googleapis.com/location":"europe-north2","cloud.googleapis.com/region":"europe-north2"},"metadata":{"@type":"type.googleapis.com/google.firestore.admin.v1.LocationMetadata"},"locationId":"europe-north2","displayName":"Stockholm"},{"name":"projects/rajjidrinkscorner/locations/europe-southwest1","labels":{"cloud.googleapis.com/location":"europe-southwest1","cloud.googleapis.com/region":"europe-southwest1"},"metadata":{"@type":"type.googleapis.com/google.firestore.admin.v1.LocationMetadata"},"locationId":"europe-southwest1","displayName":"Madrid"},{"name":"projects/rajjidrinkscorner/locations/europe-west1","labels":{"cloud.googleapis.com/location":"europe-west1","cloud.googleapis.com/region":"europe-west1"},"metadata":{"@type":"type.googleapis.com/google.firestore.admin.v1.LocationMetadata"},"locationId":"europe-west1","displayName":"Belgium"},{"name":"projects/rajjidrinkscorner/locations/europe-west10","labels":{"cloud.googleapis.com/location":"europe-west10","cloud.googleapis.com/region":"europe-west10"},"metadata":{"@type":"type.googleapis.com/google.firestore.admin.v1.LocationMetadata"},"locationId":"europe-west10","displayName":"Berlin"},{"name":"projects/rajjidrinkscorner/locations/europe-west12","labels":{"cloud.googleapis.com/location":"europe-west12","cloud.googleapis.com/region":"europe-west12"},"metadata":{"@type":"type.googleapis.com/google.firestore.admin.v1.LocationMetadata"},"locationId":"europe-west12","displayName":"Turin"},{"name":"projects/rajjidrinkscorner/locations/europe-west2","labels":{"appengine.googleapis.com/region":"europe-west2","cloud.googleapis.com/location":"europe-west2","cloud.googleapis.com/region":"europe-west2"},"metadata":{"@type":"type.googleapis.com/google.firestore.admin.v1.LocationMetadata"},"locationId":"europe-west2","displayName":"London"},{"name":"projects/rajjidrinkscorner/locations/europe-west3","labels":{"appengine.googleapis.com/region":"europe-west3","cloud.googleapis.com/location":"europe-west3","cloud.googleapis.com/region":"europe-west3"},"metadata":{"@type":"type.googleapis.com/google.firestore.admin.v1.LocationMetadata"},"locationId":"europe-west3","displayName":"Frankfurt"},{"name":"projects/rajjidrinkscorner/locations/europe-west4","labels":{"cloud.googleapis.com/location":"europe-west4","cloud.googleapis.com/region":"europe-west4"},"metadata":{"@type":"type.googleapis.com/google.firestore.admin.v1.LocationMetadata"},"locationId":"europe-west4","displayName":"Netherlands"},{"name":"projects/rajjidrinkscorner/locations/europe-west6","labels":{"appengine.googleapis.com/region":"europe-west6","cloud.googleapis.com/location":"europe-west6","cloud.googleapis.com/region":"europe-west6"},"metadata":{"@type":"type.googleapis.com/google.firestore.admin.v1.LocationMetadata"},"locationId":"europe-west6","displayName":"Zurich"},{"name":"projects/rajjidrinkscorner/locations/europe-west8","labels":{"cloud.googleapis.com/location":"europe-west8","cloud.googleapis.com/region":"europe-west8"},"metadata":{"@type":"type.googleapis.com/google.firestore.admin.v1.LocationMetadata"},"locationId":"europe-west8","displayName":"Milan"},{"name":"projects/rajjidrinkscorner/locations/europe-west9","labels":{"cloud.googleapis.com/location":"europe-west9","cloud.googleapis.com/region":"europe-west9"},"metadata":{"@type":"type.googleapis.com/google.firestore.admin.v1.LocationMetadata"},"locationId":"europe-west9","displayName":"Paris"},{"name":"projects/rajjidrinkscorner/locations/me-central1","labels":{"cloud.googleapis.com/location":"me-central1","cloud.googleapis.com/region":"me-central1"},"metadata":{"@type":"type.googleapis.com/google.firestore.admin.v1.LocationMetadata"},"locationId":"me-central1","displayName":"Doha"},{"name":"projects/rajjidrinkscorner/locations/me-central2","labels":{"cloud.googleapis.com/location":"me-central2","cloud.googleapis.com/region":"me-central2"},"metadata":{"@type":"type.googleapis.com/google.firestore.admin.v1.LocationMetadata"},"locationId":"me-central2","displayName":"Dammam"},{"name":"projects/rajjidrinkscorner/locations/me-west1","labels":{"cloud.googleapis.com/location":"me-west1","cloud.googleapis.com/region":"me-west1"},"metadata":{"@type":"type.googleapis.com/google.firestore.admin.v1.LocationMetadata"},"locationId":"me-west1","displayName":"Tel Aviv"},{"name":"projects/rajjidrinkscorner/locations/northamerica-northeast1","labels":{"appengine.googleapis.com/region":"northamerica-northeast1","cloud.googleapis.com/location":"northamerica-northeast1","cloud.googleapis.com/region":"northamerica-northeast1"},"metadata":{"@type":"type.googleapis.com/google.firestore.admin.v1.LocationMetadata"},"locationId":"northamerica-northeast1","displayName":"Montréal"},{"name":"projects/rajjidrinkscorner/locations/northamerica-northeast2","labels":{"cloud.googleapis.com/location":"northamerica-northeast2","cloud.googleapis.com/region":"northamerica-northeast2"},"metadata":{"@type":"type.googleapis.com/google.firestore.admin.v1.LocationMetadata"},"locationId":"northamerica-northeast2","displayName":"Toronto"},{"name":"projects/rajjidrinkscorner/locations/northamerica-south1","labels":{"cloud.googleapis.com/location":"northamerica-south1","cloud.googleapis.com/region":"northamerica-south1"},"metadata":{"@type":"type.googleapis.com/google.firestore.admin.v1.LocationMetadata"},"locationId":"northamerica-south1","displayName":"Mexico"},{"name":"projects/rajjidrinkscorner/locations/southamerica-east1","labels":{"appengine.googleapis.com/region":"southamerica-east1","cloud.googleapis.com/location":"southamerica-east1","cloud.googleapis.com/region":"southamerica-east1"},"metadata":{"@type":"type.googleapis.com/google.firestore.admin.v1.LocationMetadata"},"locationId":"southamerica-east1","displayName":"São Paulo"},{"name":"projects/rajjidrinkscorner/locations/southamerica-west1","labels":{"cloud.googleapis.com/location":"southamerica-west1","cloud.googleapis.com/region":"southamerica-west1"},"metadata":{"@type":"type.googleapis.com/google.firestore.admin.v1.LocationMetadata"},"locationId":"southamerica-west1","displayName":"Santiago"},{"name":"projects/rajjidrinkscorner/locations/us-central1","labels":{"cloud.googleapis.com/location":"us-central1","cloud.googleapis.com/region":"us-central1"},"metadata":{"@type":"type.googleapis.com/google.firestore.admin.v1.LocationMetadata"},"locationId":"us-central1","displayName":"Iowa"},{"name":"projects/rajjidrinkscorner/locations/us-east1","labels":{"appengine.googleapis.com/region":"us-east1","cloud.googleapis.com/location":"us-east1","cloud.googleapis.com/region":"us-east1"},"metadata":{"@type":"type.googleapis.com/google.firestore.admin.v1.LocationMetadata"},"locationId":"us-east1","displayName":"South Carolina"},{"name":"projects/rajjidrinkscorner/locations/us-east4","labels":{"appengine.googleapis.com/region":"us-east4","cloud.googleapis.com/location":"us-east4","cloud.googleapis.com/region":"us-east4"},"metadata":{"@type":"type.googleapis.com/google.firestore.admin.v1.LocationMetadata"},"locationId":"us-east4","displayName":"Northern Virginia"},{"name":"projects/rajjidrinkscorner/locations/us-east5","labels":{"cloud.googleapis.com/location":"us-east5","cloud.googleapis.com/region":"us-east5"},"metadata":{"@type":"type.googleapis.com/google.firestore.admin.v1.LocationMetadata"},"locationId":"us-east5","displayName":"Columbus"},{"name":"projects/rajjidrinkscorner/locations/us-south1","labels":{"cloud.googleapis.com/location":"us-south1","cloud.googleapis.com/region":"us-south1"},"metadata":{"@type":"type.googleapis.com/google.firestore.admin.v1.LocationMetadata"},"locationId":"us-south1","displayName":"Dallas"},{"name":"projects/rajjidrinkscorner/locations/us-west1","labels":{"appengine.googleapis.com/region":"us-west1","cloud.googleapis.com/location":"us-west1","cloud.googleapis.com/region":"us-west1"},"metadata":{"@type":"type.googleapis.com/google.firestore.admin.v1.LocationMetadata"},"locationId":"us-west1","displayName":"Oregon"},{"name":"projects/rajjidrinkscorner/locations/us-west2","labels":{"appengine.googleapis.com/region":"us-west2","cloud.googleapis.com/location":"us-west2","cloud.googleapis.com/region":"us-west2"},"metadata":{"@type":"type.googleapis.com/google.firestore.admin.v1.LocationMetadata"},"locationId":"us-west2","displayName":"Los Angeles"},{"name":"projects/rajjidrinkscorner/locations/us-west3","labels":{"appengine.googleapis.com/region":"us-west3","cloud.googleapis.com/location":"us-west3","cloud.googleapis.com/region":"us-west3"},"metadata":{"@type":"type.googleapis.com/google.firestore.admin.v1.LocationMetadata"},"locationId":"us-west3","displayName":"Salt Lake City"},{"name":"projects/rajjidrinkscorner/locations/us-west4","labels":{"appengine.googleapis.com/region":"us-west4","cloud.googleapis.com/location":"us-west4","cloud.googleapis.com/region":"us-west4"},"metadata":{"@type":"type.googleapis.com/google.firestore.admin.v1.LocationMetadata"},"locationId":"us-west4","displayName":"Las Vegas"},{"name":"projects/rajjidrinkscorner/locations/us-west8","labels":{"cloud.googleapis.com/location":"us-west8","cloud.googleapis.com/region":"us-west8"},"metadata":{"@type":"type.googleapis.com/google.firestore.admin.v1.LocationMetadata"},"locationId":"us-west8","displayName":"Phoenix"}]}
[info] 
[info] Firestore Security Rules allow you to define how and when to allow
[info] requests. You can keep these rules in your project directory
[info] and publish them with firebase deploy.
[info] 
[debug] [2025-08-24T06:22:18.457Z] Checked if tokens are valid: true, expires at: 1756019597203
[debug] [2025-08-24T06:22:18.457Z] Checked if tokens are valid: true, expires at: 1756019597203
[debug] [2025-08-24T06:22:18.459Z] >>> [apiv2][query] GET https://firebaserules.googleapis.com/v1/projects/rajjidrinkscorner/releases pageSize=10&pageToken=
[debug] [2025-08-24T06:22:19.919Z] <<< [apiv2][status] GET https://firebaserules.googleapis.com/v1/projects/rajjidrinkscorner/releases 200
[debug] [2025-08-24T06:22:19.919Z] <<< [apiv2][body] GET https://firebaserules.googleapis.com/v1/projects/rajjidrinkscorner/releases {}
[info] 
[info] Firestore indexes allow you to perform complex queries while
[info] maintaining performance that scales with the size of the result
[info] set. You can keep index definitions in your project directory
[info] and publish them with firebase deploy.
[info] 
[debug] [2025-08-24T06:22:22.974Z] Checked if tokens are valid: true, expires at: 1756019597203
[debug] [2025-08-24T06:22:22.974Z] Checked if tokens are valid: true, expires at: 1756019597203
[debug] [2025-08-24T06:22:22.975Z] Checked if tokens are valid: true, expires at: 1756019597203
[debug] [2025-08-24T06:22:22.975Z] Checked if tokens are valid: true, expires at: 1756019597203
[debug] [2025-08-24T06:22:22.977Z] >>> [apiv2][query] GET https://firestore.googleapis.com/v1/projects/rajjidrinkscorner/databases/(default)/collectionGroups/-/indexes [none]
[debug] [2025-08-24T06:22:22.981Z] >>> [apiv2][query] GET https://firestore.googleapis.com/v1/projects/rajjidrinkscorner/databases/(default)/collectionGroups/-/fields?filter=indexConfig.usesAncestorConfig=false OR ttlConfig:* [none]
[debug] [2025-08-24T06:22:23.529Z] <<< [apiv2][status] GET https://firestore.googleapis.com/v1/projects/rajjidrinkscorner/databases/(default)/collectionGroups/-/fields?filter=indexConfig.usesAncestorConfig=false OR ttlConfig:* 404
[debug] [2025-08-24T06:22:23.529Z] <<< [apiv2][body] GET https://firestore.googleapis.com/v1/projects/rajjidrinkscorner/databases/(default)/collectionGroups/-/fields?filter=indexConfig.usesAncestorConfig=false OR ttlConfig:* {"error":{"code":404,"message":"Project 'rajjidrinkscorner' or database '(default)' does not exist.","status":"NOT_FOUND"}}
[info] +  Wrote firestore.rules 
[info] +  Wrote firestore.indexes.json 
[debug] [2025-08-24T06:22:23.566Z] <<< [apiv2][status] GET https://firestore.googleapis.com/v1/projects/rajjidrinkscorner/databases/(default)/collectionGroups/-/indexes 404
[debug] [2025-08-24T06:22:23.566Z] <<< [apiv2][body] GET https://firestore.googleapis.com/v1/projects/rajjidrinkscorner/databases/(default)/collectionGroups/-/indexes {"error":{"code":404,"message":"Project 'rajjidrinkscorner' or database '(default)' does not exist.","status":"NOT_FOUND"}}
[info] 
=== Genkit Setup
[debug] [2025-08-24T06:22:45.853Z] > command requires scopes: ["email","openid","https://www.googleapis.com/auth/cloudplatformprojects.readonly","https://www.googleapis.com/auth/firebase","https://www.googleapis.com/auth/cloud-platform"]
[debug] [2025-08-24T06:22:45.854Z] > authorizing via signed-in user (rajneetkaurannu10@gmail.com)
[debug] [2025-08-24T06:22:45.855Z] [iam] checking project rajjidrinkscorner for permissions ["firebase.projects.get"]
[debug] [2025-08-24T06:22:45.857Z] Checked if tokens are valid: true, expires at: 1756019597203
[debug] [2025-08-24T06:22:45.857Z] Checked if tokens are valid: true, expires at: 1756019597203
[debug] [2025-08-24T06:22:45.858Z] >>> [apiv2][query] POST https://cloudresourcemanager.googleapis.com/v1/projects/rajjidrinkscorner:testIamPermissions [none]
[debug] [2025-08-24T06:22:45.858Z] >>> [apiv2][(partial)header] POST https://cloudresourcemanager.googleapis.com/v1/projects/rajjidrinkscorner:testIamPermissions x-goog-quota-user=projects/rajjidrinkscorner
[debug] [2025-08-24T06:22:45.858Z] >>> [apiv2][body] POST https://cloudresourcemanager.googleapis.com/v1/projects/rajjidrinkscorner:testIamPermissions {"permissions":["firebase.projects.get"]}
[debug] [2025-08-24T06:22:47.534Z] <<< [apiv2][status] POST https://cloudresourcemanager.googleapis.com/v1/projects/rajjidrinkscorner:testIamPermissions 200
[debug] [2025-08-24T06:22:47.534Z] <<< [apiv2][body] POST https://cloudresourcemanager.googleapis.com/v1/projects/rajjidrinkscorner:testIamPermissions {"permissions":["firebase.projects.get"]}
[debug] [2025-08-24T06:22:47.537Z] Checked if tokens are valid: true, expires at: 1756019597203
[debug] [2025-08-24T06:22:47.538Z] Checked if tokens are valid: true, expires at: 1756019597203
[debug] [2025-08-24T06:22:47.540Z] Checked if tokens are valid: true, expires at: 1756019597203
[debug] [2025-08-24T06:22:47.541Z] Checked if tokens are valid: true, expires at: 1756019597203
[debug] [2025-08-24T06:22:47.541Z] >>> [apiv2][query] GET https://serviceusage.googleapis.com/v1/projects/rajjidrinkscorner/services/cloudfunctions.googleapis.com [none]
[debug] [2025-08-24T06:22:47.541Z] >>> [apiv2][(partial)header] GET https://serviceusage.googleapis.com/v1/projects/rajjidrinkscorner/services/cloudfunctions.googleapis.com x-goog-quota-user=projects/rajjidrinkscorner
[debug] [2025-08-24T06:22:47.550Z] >>> [apiv2][query] GET https://serviceusage.googleapis.com/v1/projects/rajjidrinkscorner/services/runtimeconfig.googleapis.com [none]
[debug] [2025-08-24T06:22:47.550Z] >>> [apiv2][(partial)header] GET https://serviceusage.googleapis.com/v1/projects/rajjidrinkscorner/services/runtimeconfig.googleapis.com x-goog-quota-user=projects/rajjidrinkscorner
[debug] [2025-08-24T06:22:49.586Z] <<< [apiv2][status] GET https://serviceusage.googleapis.com/v1/projects/rajjidrinkscorner/services/runtimeconfig.googleapis.com 200
[debug] [2025-08-24T06:22:49.587Z] <<< [apiv2][body] GET https://serviceusage.googleapis.com/v1/projects/rajjidrinkscorner/services/runtimeconfig.googleapis.com [omitted]
[debug] [2025-08-24T06:22:49.619Z] <<< [apiv2][status] GET https://serviceusage.googleapis.com/v1/projects/rajjidrinkscorner/services/cloudfunctions.googleapis.com 200
[debug] [2025-08-24T06:22:49.620Z] <<< [apiv2][body] GET https://serviceusage.googleapis.com/v1/projects/rajjidrinkscorner/services/cloudfunctions.googleapis.com [omitted]
[debug] [2025-08-24T06:22:49.620Z] Checked if tokens are valid: true, expires at: 1756019597203
[debug] [2025-08-24T06:22:49.620Z] Checked if tokens are valid: true, expires at: 1756019597203
[debug] [2025-08-24T06:22:49.621Z] >>> [apiv2][query] POST https://serviceusage.googleapis.com/v1/projects/rajjidrinkscorner/services/cloudfunctions.googleapis.com:enable [none]
[debug] [2025-08-24T06:22:49.621Z] >>> [apiv2][(partial)header] POST https://serviceusage.googleapis.com/v1/projects/rajjidrinkscorner/services/cloudfunctions.googleapis.com:enable x-goog-quota-user=projects/rajjidrinkscorner
[debug] [2025-08-24T06:22:50.384Z] <<< [apiv2][status] POST https://serviceusage.googleapis.com/v1/projects/rajjidrinkscorner/services/cloudfunctions.googleapis.com:enable 200
[debug] [2025-08-24T06:22:50.384Z] <<< [apiv2][body] POST https://serviceusage.googleapis.com/v1/projects/rajjidrinkscorner/services/cloudfunctions.googleapis.com:enable [omitted]
[info] Let's create a new codebase for your functions.
[info] A directory corresponding to the codebase will be created in your project
[info] with sample code pre-configured.

[info] See https://firebase.google.com/docs/functions/organize-functions for
[info] more information on organizing your functions using codebases.

[info] Functions can be deployed with firebase deploy.

[info] +  Wrote functions/package.json 
[info] +  Wrote functions/.eslintrc.js 
[info] +  Wrote functions/tsconfig.dev.json 
[info] +  Wrote functions/tsconfig.json 
[info] +  Wrote functions/src/index.ts 
[info] +  Wrote functions/.gitignore 
[info] 
